<?xml version="1.0" encoding="UTF-8"?>
<testsuite xmlns:xsi="http://www.w3.org/2001/XMLSchema-instance" xsi:noNamespaceSchemaLocation="https://maven.apache.org/surefire/maven-surefire-plugin/xsd/surefire-test-report-3.0.xsd" version="3.0" name="com.imagesshow.springboot.ApplicationTests" time="5.348" tests="1" errors="0" skipped="0" failures="0">
  <properties>
[...]
</properties>
  <testcase name="contextLoads" classname="com.imagesshow.springboot.ApplicationTests" time="1.345">
    <system-out><![CDATA[17:13:34.275 [main] INFO org.springframework.test.context.support.AnnotationConfigContextLoaderUtils -- Could not detect default configuration classes for test class [com.imagesshow.springboot.ApplicationTests]: ApplicationTests does not declare any static, non-private, non-final, nested classes annotated with @Configuration.
17:13:34.397 [main] INFO org.springframework.boot.test.context.SpringBootTestContextBootstrapper -- Found @SpringBootConfiguration com.imagesshow.springboot.Application for test class com.imagesshow.springboot.ApplicationTests

  .   ____          _            __ _ _
 /\\ / ___'_ __ _ _(_)_ __  __ _ \ \ \ \
( ( )\___ | '_ | '_| | '_ \/ _` | \ \ \ \
 \\/  ___)| |_)| | | | | || (_| |  ) ) ) )
  '  |____| .__|_| |_|_| |_\__, | / / / /
 =========|_|==============|___/=/_/_/_/
 :: Spring Boot ::                (v3.2.1)

2024-01-13T17:13:35.158+01:00  INFO 24540 --- [           main] c.i.springboot.ApplicationTests          : Starting ApplicationTests using Java 21.0.1 with PID 24540 (started by 21654 in C:\Users\21654\Desktop\spring-boot)
2024-01-13T17:13:35.158+01:00  INFO 24540 --- [           main] c.i.springboot.ApplicationTests          : No active profile set, falling back to 1 default profile: "default"
2024-01-13T17:13:37.938+01:00  INFO 24540 --- [           main] c.i.springboot.ApplicationTests          : Started ApplicationTests in 3.343 seconds (process running for 4.794)
]]></system-out>
    <system-err><![CDATA[WARNING: A Java agent has been loaded dynamically (C:\Users\21654\.m2\repository\net\bytebuddy\byte-buddy-agent\1.14.10\byte-buddy-agent-1.14.10.jar)
WARNING: If a serviceability tool is in use, please run with -XX:+EnableDynamicAgentLoading to hide this warning
WARNING: If a serviceability tool is not in use, please run with -Djdk.instrument.traceUsage for more information
WARNING: Dynamic loading of agents will be disallowed by default in a future release
]]></system-err>
  </testcase>
</testsuite>